  main.cpp
C:\Program Files (x86)\Windows Kits\10\Include\10.0.22621.0\shared\minwindef.h(130,9): warning C4005: 'APIENTRY': macro redefinition
C:\Users\Aleksa\Documents\Semestar VII\racunarska grafika\zadaci\Project2D\YellowHouse\main.cpp(124,14): warning C4305: 'initializing': truncation from 'double' to 'float'
C:\Users\Aleksa\Documents\Semestar VII\racunarska grafika\zadaci\Project2D\YellowHouse\main.cpp(125,14): warning C4305: 'initializing': truncation from 'double' to 'float'
C:\Users\Aleksa\Documents\Semestar VII\racunarska grafika\zadaci\Project2D\YellowHouse\main.cpp(127,14): warning C4305: 'initializing': truncation from 'double' to 'float'
C:\Users\Aleksa\Documents\Semestar VII\racunarska grafika\zadaci\Project2D\YellowHouse\main.cpp(128,14): warning C4305: 'initializing': truncation from 'double' to 'float'
C:\Users\Aleksa\Documents\Semestar VII\racunarska grafika\zadaci\Project2D\YellowHouse\main.cpp(131,14): warning C4305: 'initializing': truncation from 'double' to 'float'
C:\Users\Aleksa\Documents\Semestar VII\racunarska grafika\zadaci\Project2D\YellowHouse\main.cpp(132,14): warning C4305: 'initializing': truncation from 'double' to 'float'
C:\Users\Aleksa\Documents\Semestar VII\racunarska grafika\zadaci\Project2D\YellowHouse\main.cpp(133,14): warning C4305: 'initializing': truncation from 'double' to 'float'
C:\Users\Aleksa\Documents\Semestar VII\racunarska grafika\zadaci\Project2D\YellowHouse\main.cpp(135,15): warning C4305: 'initializing': truncation from 'double' to 'float'
C:\Users\Aleksa\Documents\Semestar VII\racunarska grafika\zadaci\Project2D\YellowHouse\main.cpp(136,15): warning C4305: 'initializing': truncation from 'double' to 'float'
C:\Users\Aleksa\Documents\Semestar VII\racunarska grafika\zadaci\Project2D\YellowHouse\main.cpp(137,15): warning C4305: 'initializing': truncation from 'double' to 'float'
C:\Users\Aleksa\Documents\Semestar VII\racunarska grafika\zadaci\Project2D\YellowHouse\main.cpp(139,14): warning C4305: 'initializing': truncation from 'double' to 'float'
C:\Users\Aleksa\Documents\Semestar VII\racunarska grafika\zadaci\Project2D\YellowHouse\main.cpp(140,14): warning C4305: 'initializing': truncation from 'double' to 'float'
C:\Users\Aleksa\Documents\Semestar VII\racunarska grafika\zadaci\Project2D\YellowHouse\main.cpp(141,14): warning C4305: 'initializing': truncation from 'double' to 'float'
C:\Users\Aleksa\Documents\Semestar VII\racunarska grafika\zadaci\Project2D\YellowHouse\main.cpp(155,16): warning C4305: 'initializing': truncation from 'double' to 'float'
C:\Users\Aleksa\Documents\Semestar VII\racunarska grafika\zadaci\Project2D\YellowHouse\main.cpp(156,16): warning C4305: 'initializing': truncation from 'double' to 'float'
C:\Users\Aleksa\Documents\Semestar VII\racunarska grafika\zadaci\Project2D\YellowHouse\main.cpp(157,16): warning C4305: 'initializing': truncation from 'double' to 'float'
C:\Users\Aleksa\Documents\Semestar VII\racunarska grafika\zadaci\Project2D\YellowHouse\main.cpp(158,16): warning C4305: 'initializing': truncation from 'double' to 'float'
C:\Users\Aleksa\Documents\Semestar VII\racunarska grafika\zadaci\Project2D\YellowHouse\main.cpp(160,10): warning C4305: 'initializing': truncation from 'double' to 'float'
C:\Users\Aleksa\Documents\Semestar VII\racunarska grafika\zadaci\Project2D\YellowHouse\main.cpp(160,16): warning C4305: 'initializing': truncation from 'double' to 'float'
C:\Users\Aleksa\Documents\Semestar VII\racunarska grafika\zadaci\Project2D\YellowHouse\main.cpp(161,10): warning C4305: 'initializing': truncation from 'double' to 'float'
C:\Users\Aleksa\Documents\Semestar VII\racunarska grafika\zadaci\Project2D\YellowHouse\main.cpp(161,16): warning C4305: 'initializing': truncation from 'double' to 'float'
C:\Users\Aleksa\Documents\Semestar VII\racunarska grafika\zadaci\Project2D\YellowHouse\main.cpp(162,10): warning C4305: 'initializing': truncation from 'double' to 'float'
C:\Users\Aleksa\Documents\Semestar VII\racunarska grafika\zadaci\Project2D\YellowHouse\main.cpp(162,16): warning C4305: 'initializing': truncation from 'double' to 'float'
C:\Users\Aleksa\Documents\Semestar VII\racunarska grafika\zadaci\Project2D\YellowHouse\main.cpp(163,10): warning C4305: 'initializing': truncation from 'double' to 'float'
C:\Users\Aleksa\Documents\Semestar VII\racunarska grafika\zadaci\Project2D\YellowHouse\main.cpp(163,16): warning C4305: 'initializing': truncation from 'double' to 'float'
C:\Users\Aleksa\Documents\Semestar VII\racunarska grafika\zadaci\Project2D\YellowHouse\main.cpp(165,10): warning C4305: 'initializing': truncation from 'double' to 'float'
C:\Users\Aleksa\Documents\Semestar VII\racunarska grafika\zadaci\Project2D\YellowHouse\main.cpp(165,16): warning C4305: 'initializing': truncation from 'double' to 'float'
C:\Users\Aleksa\Documents\Semestar VII\racunarska grafika\zadaci\Project2D\YellowHouse\main.cpp(166,10): warning C4305: 'initializing': truncation from 'double' to 'float'
C:\Users\Aleksa\Documents\Semestar VII\racunarska grafika\zadaci\Project2D\YellowHouse\main.cpp(166,16): warning C4305: 'initializing': truncation from 'double' to 'float'
C:\Users\Aleksa\Documents\Semestar VII\racunarska grafika\zadaci\Project2D\YellowHouse\main.cpp(167,10): warning C4305: 'initializing': truncation from 'double' to 'float'
C:\Users\Aleksa\Documents\Semestar VII\racunarska grafika\zadaci\Project2D\YellowHouse\main.cpp(167,16): warning C4305: 'initializing': truncation from 'double' to 'float'
C:\Users\Aleksa\Documents\Semestar VII\racunarska grafika\zadaci\Project2D\YellowHouse\main.cpp(168,10): warning C4305: 'initializing': truncation from 'double' to 'float'
C:\Users\Aleksa\Documents\Semestar VII\racunarska grafika\zadaci\Project2D\YellowHouse\main.cpp(168,16): warning C4305: 'initializing': truncation from 'double' to 'float'
C:\Users\Aleksa\Documents\Semestar VII\racunarska grafika\zadaci\Project2D\YellowHouse\main.cpp(170,10): warning C4305: 'initializing': truncation from 'double' to 'float'
C:\Users\Aleksa\Documents\Semestar VII\racunarska grafika\zadaci\Project2D\YellowHouse\main.cpp(170,16): warning C4305: 'initializing': truncation from 'double' to 'float'
C:\Users\Aleksa\Documents\Semestar VII\racunarska grafika\zadaci\Project2D\YellowHouse\main.cpp(171,10): warning C4305: 'initializing': truncation from 'double' to 'float'
C:\Users\Aleksa\Documents\Semestar VII\racunarska grafika\zadaci\Project2D\YellowHouse\main.cpp(171,16): warning C4305: 'initializing': truncation from 'double' to 'float'
C:\Users\Aleksa\Documents\Semestar VII\racunarska grafika\zadaci\Project2D\YellowHouse\main.cpp(172,10): warning C4305: 'initializing': truncation from 'double' to 'float'
C:\Users\Aleksa\Documents\Semestar VII\racunarska grafika\zadaci\Project2D\YellowHouse\main.cpp(172,16): warning C4305: 'initializing': truncation from 'double' to 'float'
C:\Users\Aleksa\Documents\Semestar VII\racunarska grafika\zadaci\Project2D\YellowHouse\main.cpp(173,10): warning C4305: 'initializing': truncation from 'double' to 'float'
C:\Users\Aleksa\Documents\Semestar VII\racunarska grafika\zadaci\Project2D\YellowHouse\main.cpp(173,16): warning C4305: 'initializing': truncation from 'double' to 'float'
C:\Users\Aleksa\Documents\Semestar VII\racunarska grafika\zadaci\Project2D\YellowHouse\main.cpp(175,10): warning C4305: 'initializing': truncation from 'double' to 'float'
C:\Users\Aleksa\Documents\Semestar VII\racunarska grafika\zadaci\Project2D\YellowHouse\main.cpp(175,16): warning C4305: 'initializing': truncation from 'double' to 'float'
C:\Users\Aleksa\Documents\Semestar VII\racunarska grafika\zadaci\Project2D\YellowHouse\main.cpp(176,10): warning C4305: 'initializing': truncation from 'double' to 'float'
C:\Users\Aleksa\Documents\Semestar VII\racunarska grafika\zadaci\Project2D\YellowHouse\main.cpp(176,16): warning C4305: 'initializing': truncation from 'double' to 'float'
C:\Users\Aleksa\Documents\Semestar VII\racunarska grafika\zadaci\Project2D\YellowHouse\main.cpp(177,10): warning C4305: 'initializing': truncation from 'double' to 'float'
C:\Users\Aleksa\Documents\Semestar VII\racunarska grafika\zadaci\Project2D\YellowHouse\main.cpp(177,16): warning C4305: 'initializing': truncation from 'double' to 'float'
C:\Users\Aleksa\Documents\Semestar VII\racunarska grafika\zadaci\Project2D\YellowHouse\main.cpp(178,10): warning C4305: 'initializing': truncation from 'double' to 'float'
C:\Users\Aleksa\Documents\Semestar VII\racunarska grafika\zadaci\Project2D\YellowHouse\main.cpp(178,16): warning C4305: 'initializing': truncation from 'double' to 'float'
C:\Users\Aleksa\Documents\Semestar VII\racunarska grafika\zadaci\Project2D\YellowHouse\main.cpp(180,10): warning C4305: 'initializing': truncation from 'double' to 'float'
C:\Users\Aleksa\Documents\Semestar VII\racunarska grafika\zadaci\Project2D\YellowHouse\main.cpp(180,16): warning C4305: 'initializing': truncation from 'double' to 'float'
C:\Users\Aleksa\Documents\Semestar VII\racunarska grafika\zadaci\Project2D\YellowHouse\main.cpp(181,10): warning C4305: 'initializing': truncation from 'double' to 'float'
C:\Users\Aleksa\Documents\Semestar VII\racunarska grafika\zadaci\Project2D\YellowHouse\main.cpp(181,16): warning C4305: 'initializing': truncation from 'double' to 'float'
C:\Users\Aleksa\Documents\Semestar VII\racunarska grafika\zadaci\Project2D\YellowHouse\main.cpp(182,10): warning C4305: 'initializing': truncation from 'double' to 'float'
C:\Users\Aleksa\Documents\Semestar VII\racunarska grafika\zadaci\Project2D\YellowHouse\main.cpp(182,16): warning C4305: 'initializing': truncation from 'double' to 'float'
C:\Users\Aleksa\Documents\Semestar VII\racunarska grafika\zadaci\Project2D\YellowHouse\main.cpp(183,10): warning C4305: 'initializing': truncation from 'double' to 'float'
C:\Users\Aleksa\Documents\Semestar VII\racunarska grafika\zadaci\Project2D\YellowHouse\main.cpp(183,16): warning C4305: 'initializing': truncation from 'double' to 'float'
C:\Users\Aleksa\Documents\Semestar VII\racunarska grafika\zadaci\Project2D\YellowHouse\main.cpp(185,10): warning C4305: 'initializing': truncation from 'double' to 'float'
C:\Users\Aleksa\Documents\Semestar VII\racunarska grafika\zadaci\Project2D\YellowHouse\main.cpp(185,16): warning C4305: 'initializing': truncation from 'double' to 'float'
C:\Users\Aleksa\Documents\Semestar VII\racunarska grafika\zadaci\Project2D\YellowHouse\main.cpp(186,10): warning C4305: 'initializing': truncation from 'double' to 'float'
C:\Users\Aleksa\Documents\Semestar VII\racunarska grafika\zadaci\Project2D\YellowHouse\main.cpp(186,16): warning C4305: 'initializing': truncation from 'double' to 'float'
C:\Users\Aleksa\Documents\Semestar VII\racunarska grafika\zadaci\Project2D\YellowHouse\main.cpp(187,16): warning C4305: 'initializing': truncation from 'double' to 'float'
C:\Users\Aleksa\Documents\Semestar VII\racunarska grafika\zadaci\Project2D\YellowHouse\main.cpp(207,13): warning C4305: 'initializing': truncation from 'double' to 'float'
C:\Users\Aleksa\Documents\Semestar VII\racunarska grafika\zadaci\Project2D\YellowHouse\main.cpp(210,17): warning C4305: '=': truncation from 'double' to 'float'
C:\Users\Aleksa\Documents\Semestar VII\racunarska grafika\zadaci\Project2D\YellowHouse\main.cpp(214,74): warning C4244: '=': conversion from 'double' to 'float', possible loss of data
C:\Users\Aleksa\Documents\Semestar VII\racunarska grafika\zadaci\Project2D\YellowHouse\main.cpp(215,78): warning C4244: '=': conversion from 'double' to 'float', possible loss of data
C:\Users\Aleksa\Documents\Semestar VII\racunarska grafika\zadaci\Project2D\YellowHouse\main.cpp(267,15): warning C4305: 'initializing': truncation from 'double' to 'float'
C:\Users\Aleksa\Documents\Semestar VII\racunarska grafika\zadaci\Project2D\YellowHouse\main.cpp(268,25): warning C4305: 'initializing': truncation from 'double' to 'float'
C:\Users\Aleksa\Documents\Semestar VII\racunarska grafika\zadaci\Project2D\YellowHouse\main.cpp(282,28): warning C4305: '=': truncation from 'double' to 'float'
C:\Users\Aleksa\Documents\Semestar VII\racunarska grafika\zadaci\Project2D\YellowHouse\main.cpp(302,23): warning C4305: '+=': truncation from 'double' to 'float'
C:\Users\Aleksa\Documents\Semestar VII\racunarska grafika\zadaci\Project2D\YellowHouse\main.cpp(304,26): warning C4305: '=': truncation from 'double' to 'float'
C:\Users\Aleksa\Documents\Semestar VII\racunarska grafika\zadaci\Project2D\YellowHouse\main.cpp(309,23): warning C4305: '-=': truncation from 'double' to 'float'
C:\Users\Aleksa\Documents\Semestar VII\racunarska grafika\zadaci\Project2D\YellowHouse\main.cpp(311,26): warning C4305: '=': truncation from 'double' to 'float'
C:\Users\Aleksa\Documents\Semestar VII\racunarska grafika\zadaci\Project2D\YellowHouse\main.cpp(332,27): warning C4244: 'initializing': conversion from 'double' to 'float', possible loss of data
C:\Users\Aleksa\Documents\Semestar VII\racunarska grafika\zadaci\Project2D\YellowHouse\main.cpp(335,83): warning C4244: 'argument': conversion from 'double' to 'GLfloat', possible loss of data
C:\Users\Aleksa\Documents\Semestar VII\racunarska grafika\zadaci\Project2D\YellowHouse\main.cpp(335,41): warning C4244: 'argument': conversion from 'double' to 'GLfloat', possible loss of data
C:\Users\Aleksa\Documents\Semestar VII\racunarska grafika\zadaci\Project2D\YellowHouse\main.cpp(449,10): warning C4305: 'initializing': truncation from 'double' to 'float'
C:\Users\Aleksa\Documents\Semestar VII\racunarska grafika\zadaci\Project2D\YellowHouse\main.cpp(449,16): warning C4305: 'initializing': truncation from 'double' to 'float'
C:\Users\Aleksa\Documents\Semestar VII\racunarska grafika\zadaci\Project2D\YellowHouse\main.cpp(450,10): warning C4305: 'initializing': truncation from 'double' to 'float'
C:\Users\Aleksa\Documents\Semestar VII\racunarska grafika\zadaci\Project2D\YellowHouse\main.cpp(450,16): warning C4305: 'initializing': truncation from 'double' to 'float'
C:\Users\Aleksa\Documents\Semestar VII\racunarska grafika\zadaci\Project2D\YellowHouse\main.cpp(451,10): warning C4305: 'initializing': truncation from 'double' to 'float'
C:\Users\Aleksa\Documents\Semestar VII\racunarska grafika\zadaci\Project2D\YellowHouse\main.cpp(451,16): warning C4305: 'initializing': truncation from 'double' to 'float'
C:\Users\Aleksa\Documents\Semestar VII\racunarska grafika\zadaci\Project2D\YellowHouse\main.cpp(452,10): warning C4305: 'initializing': truncation from 'double' to 'float'
C:\Users\Aleksa\Documents\Semestar VII\racunarska grafika\zadaci\Project2D\YellowHouse\main.cpp(452,16): warning C4305: 'initializing': truncation from 'double' to 'float'
C:\Users\Aleksa\Documents\Semestar VII\racunarska grafika\zadaci\Project2D\YellowHouse\main.cpp(454,10): warning C4305: 'initializing': truncation from 'double' to 'float'
C:\Users\Aleksa\Documents\Semestar VII\racunarska grafika\zadaci\Project2D\YellowHouse\main.cpp(454,16): warning C4305: 'initializing': truncation from 'double' to 'float'
C:\Users\Aleksa\Documents\Semestar VII\racunarska grafika\zadaci\Project2D\YellowHouse\main.cpp(455,10): warning C4305: 'initializing': truncation from 'double' to 'float'
C:\Users\Aleksa\Documents\Semestar VII\racunarska grafika\zadaci\Project2D\YellowHouse\main.cpp(455,16): warning C4305: 'initializing': truncation from 'double' to 'float'
C:\Users\Aleksa\Documents\Semestar VII\racunarska grafika\zadaci\Project2D\YellowHouse\main.cpp(456,10): warning C4305: 'initializing': truncation from 'double' to 'float'
C:\Users\Aleksa\Documents\Semestar VII\racunarska grafika\zadaci\Project2D\YellowHouse\main.cpp(456,16): warning C4305: 'initializing': truncation from 'double' to 'float'
C:\Users\Aleksa\Documents\Semestar VII\racunarska grafika\zadaci\Project2D\YellowHouse\main.cpp(457,10): warning C4305: 'initializing': truncation from 'double' to 'float'
C:\Users\Aleksa\Documents\Semestar VII\racunarska grafika\zadaci\Project2D\YellowHouse\main.cpp(457,16): warning C4305: 'initializing': truncation from 'double' to 'float'
C:\Users\Aleksa\Documents\Semestar VII\racunarska grafika\zadaci\Project2D\YellowHouse\main.cpp(459,10): warning C4305: 'initializing': truncation from 'double' to 'float'
C:\Users\Aleksa\Documents\Semestar VII\racunarska grafika\zadaci\Project2D\YellowHouse\main.cpp(459,16): warning C4305: 'initializing': truncation from 'double' to 'float'
C:\Users\Aleksa\Documents\Semestar VII\racunarska grafika\zadaci\Project2D\YellowHouse\main.cpp(460,10): warning C4305: 'initializing': truncation from 'double' to 'float'
C:\Users\Aleksa\Documents\Semestar VII\racunarska grafika\zadaci\Project2D\YellowHouse\main.cpp(460,16): warning C4305: 'initializing': truncation from 'double' to 'float'
C:\Users\Aleksa\Documents\Semestar VII\racunarska grafika\zadaci\Project2D\YellowHouse\main.cpp(461,10): warning C4305: 'initializing': truncation from 'double' to 'float'
C:\Users\Aleksa\Documents\Semestar VII\racunarska grafika\zadaci\Project2D\YellowHouse\main.cpp(461,16): warning C4305: 'initializing': truncation from 'double' to 'float'
C:\Users\Aleksa\Documents\Semestar VII\racunarska grafika\zadaci\Project2D\YellowHouse\main.cpp(462,10): warning C4305: 'initializing': truncation from 'double' to 'float'
C:\Users\Aleksa\Documents\Semestar VII\racunarska grafika\zadaci\Project2D\YellowHouse\main.cpp(462,16): warning C4305: 'initializing': truncation from 'double' to 'float'
C:\Users\Aleksa\Documents\Semestar VII\racunarska grafika\zadaci\Project2D\YellowHouse\main.cpp(464,10): warning C4305: 'initializing': truncation from 'double' to 'float'
C:\Users\Aleksa\Documents\Semestar VII\racunarska grafika\zadaci\Project2D\YellowHouse\main.cpp(464,16): warning C4305: 'initializing': truncation from 'double' to 'float'
C:\Users\Aleksa\Documents\Semestar VII\racunarska grafika\zadaci\Project2D\YellowHouse\main.cpp(465,10): warning C4305: 'initializing': truncation from 'double' to 'float'
C:\Users\Aleksa\Documents\Semestar VII\racunarska grafika\zadaci\Project2D\YellowHouse\main.cpp(465,16): warning C4305: 'initializing': truncation from 'double' to 'float'
C:\Users\Aleksa\Documents\Semestar VII\racunarska grafika\zadaci\Project2D\YellowHouse\main.cpp(466,10): warning C4305: 'initializing': truncation from 'double' to 'float'
C:\Users\Aleksa\Documents\Semestar VII\racunarska grafika\zadaci\Project2D\YellowHouse\main.cpp(466,16): warning C4305: 'initializing': truncation from 'double' to 'float'
C:\Users\Aleksa\Documents\Semestar VII\racunarska grafika\zadaci\Project2D\YellowHouse\main.cpp(467,10): warning C4305: 'initializing': truncation from 'double' to 'float'
C:\Users\Aleksa\Documents\Semestar VII\racunarska grafika\zadaci\Project2D\YellowHouse\main.cpp(467,16): warning C4305: 'initializing': truncation from 'double' to 'float'
C:\Users\Aleksa\Documents\Semestar VII\racunarska grafika\zadaci\Project2D\YellowHouse\main.cpp(483,10): warning C4305: 'initializing': truncation from 'double' to 'float'
C:\Users\Aleksa\Documents\Semestar VII\racunarska grafika\zadaci\Project2D\YellowHouse\main.cpp(483,16): warning C4305: 'initializing': truncation from 'double' to 'float'
C:\Users\Aleksa\Documents\Semestar VII\racunarska grafika\zadaci\Project2D\YellowHouse\main.cpp(484,10): warning C4305: 'initializing': truncation from 'double' to 'float'
C:\Users\Aleksa\Documents\Semestar VII\racunarska grafika\zadaci\Project2D\YellowHouse\main.cpp(484,16): warning C4305: 'initializing': truncation from 'double' to 'float'
C:\Users\Aleksa\Documents\Semestar VII\racunarska grafika\zadaci\Project2D\YellowHouse\main.cpp(485,10): warning C4305: 'initializing': truncation from 'double' to 'float'
C:\Users\Aleksa\Documents\Semestar VII\racunarska grafika\zadaci\Project2D\YellowHouse\main.cpp(485,16): warning C4305: 'initializing': truncation from 'double' to 'float'
C:\Users\Aleksa\Documents\Semestar VII\racunarska grafika\zadaci\Project2D\YellowHouse\main.cpp(486,10): warning C4305: 'initializing': truncation from 'double' to 'float'
C:\Users\Aleksa\Documents\Semestar VII\racunarska grafika\zadaci\Project2D\YellowHouse\main.cpp(486,16): warning C4305: 'initializing': truncation from 'double' to 'float'
C:\Users\Aleksa\Documents\Semestar VII\racunarska grafika\zadaci\Project2D\YellowHouse\main.cpp(504,14): warning C4305: 'initializing': truncation from 'double' to 'float'
C:\Users\Aleksa\Documents\Semestar VII\racunarska grafika\zadaci\Project2D\YellowHouse\main.cpp(505,14): warning C4305: 'initializing': truncation from 'double' to 'float'
C:\Users\Aleksa\Documents\Semestar VII\racunarska grafika\zadaci\Project2D\YellowHouse\main.cpp(508,13): warning C4305: 'initializing': truncation from 'double' to 'float'
C:\Users\Aleksa\Documents\Semestar VII\racunarska grafika\zadaci\Project2D\YellowHouse\main.cpp(514,24): warning C4305: '=': truncation from 'double' to 'float'
C:\Users\Aleksa\Documents\Semestar VII\racunarska grafika\zadaci\Project2D\YellowHouse\main.cpp(516,14): warning C4305: '+=': truncation from 'double' to 'float'
C:\Users\Aleksa\Documents\Semestar VII\racunarska grafika\zadaci\Project2D\YellowHouse\main.cpp(522,24): warning C4305: '=': truncation from 'double' to 'float'
C:\Users\Aleksa\Documents\Semestar VII\racunarska grafika\zadaci\Project2D\YellowHouse\main.cpp(524,14): warning C4305: '+=': truncation from 'double' to 'float'
C:\Users\Aleksa\Documents\Semestar VII\racunarska grafika\zadaci\Project2D\YellowHouse\main.cpp(537,9): warning C4305: 'initializing': truncation from 'double' to 'float'
C:\Users\Aleksa\Documents\Semestar VII\racunarska grafika\zadaci\Project2D\YellowHouse\main.cpp(537,16): warning C4305: 'initializing': truncation from 'double' to 'float'
C:\Users\Aleksa\Documents\Semestar VII\racunarska grafika\zadaci\Project2D\YellowHouse\main.cpp(538,15): warning C4305: 'initializing': truncation from 'double' to 'float'
C:\Users\Aleksa\Documents\Semestar VII\racunarska grafika\zadaci\Project2D\YellowHouse\main.cpp(539,9): warning C4305: 'initializing': truncation from 'double' to 'float'
C:\Users\Aleksa\Documents\Semestar VII\racunarska grafika\zadaci\Project2D\YellowHouse\main.cpp(539,16): warning C4305: 'initializing': truncation from 'double' to 'float'
C:\Users\Aleksa\Documents\Semestar VII\racunarska grafika\zadaci\Project2D\YellowHouse\main.cpp(540,15): warning C4305: 'initializing': truncation from 'double' to 'float'
C:\Users\Aleksa\Documents\Semestar VII\racunarska grafika\zadaci\Project2D\YellowHouse\main.cpp(555,15): warning C4305: 'initializing': truncation from 'double' to 'float'
C:\Users\Aleksa\Documents\Semestar VII\racunarska grafika\zadaci\Project2D\YellowHouse\main.cpp(556,15): warning C4305: 'initializing': truncation from 'double' to 'float'
C:\Users\Aleksa\Documents\Semestar VII\racunarska grafika\zadaci\Project2D\YellowHouse\main.cpp(557,15): warning C4305: 'initializing': truncation from 'double' to 'float'
C:\Users\Aleksa\Documents\Semestar VII\racunarska grafika\zadaci\Project2D\YellowHouse\main.cpp(558,15): warning C4305: 'initializing': truncation from 'double' to 'float'
C:\Users\Aleksa\Documents\Semestar VII\racunarska grafika\zadaci\Project2D\YellowHouse\main.cpp(573,9): warning C4305: 'initializing': truncation from 'double' to 'float'
C:\Users\Aleksa\Documents\Semestar VII\racunarska grafika\zadaci\Project2D\YellowHouse\main.cpp(573,16): warning C4305: 'initializing': truncation from 'double' to 'float'
C:\Users\Aleksa\Documents\Semestar VII\racunarska grafika\zadaci\Project2D\YellowHouse\main.cpp(574,9): warning C4305: 'initializing': truncation from 'double' to 'float'
C:\Users\Aleksa\Documents\Semestar VII\racunarska grafika\zadaci\Project2D\YellowHouse\main.cpp(574,16): warning C4305: 'initializing': truncation from 'double' to 'float'
C:\Users\Aleksa\Documents\Semestar VII\racunarska grafika\zadaci\Project2D\YellowHouse\main.cpp(575,9): warning C4305: 'initializing': truncation from 'double' to 'float'
C:\Users\Aleksa\Documents\Semestar VII\racunarska grafika\zadaci\Project2D\YellowHouse\main.cpp(575,16): warning C4305: 'initializing': truncation from 'double' to 'float'
C:\Users\Aleksa\Documents\Semestar VII\racunarska grafika\zadaci\Project2D\YellowHouse\main.cpp(576,9): warning C4305: 'initializing': truncation from 'double' to 'float'
C:\Users\Aleksa\Documents\Semestar VII\racunarska grafika\zadaci\Project2D\YellowHouse\main.cpp(576,16): warning C4305: 'initializing': truncation from 'double' to 'float'
C:\Users\Aleksa\Documents\Semestar VII\racunarska grafika\zadaci\Project2D\YellowHouse\main.cpp(623,24): warning C4244: '=': conversion from 'double' to 'float', possible loss of data
C:\Users\Aleksa\Documents\Semestar VII\racunarska grafika\zadaci\Project2D\YellowHouse\main.cpp(624,24): warning C4244: '=': conversion from 'double' to 'float', possible loss of data
  Sablon.vcxproj -> C:\Users\Aleksa\Documents\Semestar VII\racunarska grafika\zadaci\Project2D\YellowHouse\x64\Debug\Sablon.exe
